1547608711109	geckodriver	INFO	geckodriver 0.20.1
1547608711117	geckodriver	INFO	Listening on 127.0.0.1:49993
1547608714140	mozrunner::runner	INFO	Running command: "C:\\Program Files\\Mozilla Firefox\\firefox.exe" "-marionette" "-profile" "C:\\Users\\amos\\AppData\\Local\\Temp\\rust_mozprofile.9jWXGaThOqXo"
1547608714484	addons.webextension.screenshots@mozilla.org	WARN	Loading extension 'screenshots@mozilla.org': Reading manifest: Invalid host permission: resource://pdf.js/
1547608714484	addons.webextension.screenshots@mozilla.org	WARN	Loading extension 'screenshots@mozilla.org': Reading manifest: Invalid host permission: about:reader*
1547608714578	Marionette	DEBUG	Received observer notification profile-after-change
1547608714610	Marionette	DEBUG	Received observer notification toplevel-window-ready
1547608714631	Marionette	DEBUG	Received observer notification command-line-startup
1547608714631	Marionette	DEBUG	Received observer notification nsPref:changed
1547608714631	Marionette	DEBUG	Init aborted (running=false, enabled=true, finalUIStartup=false)
1547608714720	Marionette	DEBUG	Received observer notification toplevel-window-ready
1547608715395	Marionette	DEBUG	Received observer notification sessionstore-windows-restored
1547608715396	Marionette	DEBUG	Waiting for delayed startup...
1547608715540	Marionette	DEBUG	Setting recommended pref app.update.disabledForTesting to true
1547608715541	Marionette	DEBUG	Setting recommended pref security.turn_off_all_security_so_that_viruses_can_take_over_this_computer to true
1547608715541	Marionette	DEBUG	Setting recommended pref browser.contentblocking.introCount to 99
1547608715541	Marionette	DEBUG	Setting recommended pref browser.newtabpage.enabled to false
1547608715541	Marionette	DEBUG	Setting recommended pref datareporting.policy.dataSubmissionPolicyAccepted to false
1547608715541	Marionette	DEBUG	Setting recommended pref dom.disable_beforeunload to true
1547608715541	Marionette	DEBUG	Setting recommended pref toolkit.cosmeticAnimations.enabled to false
1547608715583	Marionette	INFO	Listening on port 50001
1547608715583	Marionette	DEBUG	Remote service is active
1547608715647	Marionette	DEBUG	Accepted connection 0 from 127.0.0.1:50009
1547608715648	Marionette	TRACE	0 -> [0,1,"newSession",{"acceptInsecureCerts":true,"browserName":"firefox","capabilities":{"desiredCapabilities":{"acceptInsecureCerts":true,"browserName":"firefox"}}}]
1547608715648	Marionette	TRACE	0 <- [1,1,{"error":"unknown command","message":"newSession","stacktrace":"WebDriverError@chrome://marionette/content/error.js:178: ... et@chrome://marionette/content/server.js:236:8\n_onJSONObjectReady/<@chrome://marionette/content/transport.js:490:9\n"},null]
1547608730401	Marionette	DEBUG	Closed connection 0
[Child 6988, Chrome_ChildThread] WARNING: pipe error: 109: file z:/build/build/src/ipc/chromium/src/chrome/common/ipc_channel_win.cc, line 346
[Child 6988, Chrome_ChildThread] WARNING: pipe error: 109: file z:/build/build/src/ipc/chromium/src/chrome/common/ip[Child 3460, Chrome_ChildThread] WARNING: pipe error: 109: file z:/build/build/src/ipc/chromium/src/chrome/common/ipc_channel_win.cc, line 346
[Child 3460, Chrome_ChildThread] WARNING: pipe error: 109: file z:[Parent 168, Gecko_IOThread] WARNING: pipe error: 109: file z:/build/build/src/ipc/chromium/src/chrome/common/ipc_channel_win.cc, line 346
[Child 4820, Chrome_ChildThread] WARNING: pipe error: 109: file z:/build/build/src/ipc/chromium/src/chrome/common/ipc_channel_win.cc, line 346
[Child 4820, Chrome_ChildThread] WARNING: pipe error: 109: file z:/build/build/src/ipc/chromium/src/chrome/common/ipc_channel_win.cc, line 346
1547608730485	Marionette	DEBUG	Received observer notification xpcom-will-shutdown
1547608730485	Marionette	DEBUG	Resetting recommended pref app.update.disabledForTesting
1547608730485	Marionette	DEBUG	Resetting recommended pref security.turn_off_all_security_so_that_viruses_can_take_over_this_computer
1547608730485	Marionette	DEBUG	Resetting recommended pref browser.contentblocking.introCount
1547608730485	Marionette	DEBUG	Resetting recommended pref browser.newtabpage.enabled
1547608730485	Marionette	DEBUG	Resetting recommended pref datareporting.policy.dataSubmissionPolicyAccepted
1547608730485	Marionette	DEBUG	Resetting recommended pref dom.disable_beforeunload
1547608730485	Marionette	DEBUG	Resetting recommended pref toolkit.cosmeticAnimations.enabled
1547608730486	Marionette	INFO	Stopped listening on port 50001
1547608730486	Marionette	DEBUG	Remote service is inactive

###!!! [Child][RunMessage] Error: Channel closing: too late to send/recv, messages will be lost

[GPU 4272, Chrome_Chi1547608737206	geckodriver	INFO	geckodriver 0.20.1
1547608737213	geckodriver	INFO	Listening on 127.0.0.1:50025
1547608740246	mozrunner::runner	INFO	Running command: "C:\\Program Files\\Mozilla Firefox\\firefox.exe" "-marionette" "-profile" "C:\\Users\\amos\\AppData\\Local\\Temp\\rust_mozprofile.vLGXhIRC2LXC"
1547608740550	addons.webextension.screenshots@mozilla.org	WARN	Loading extension 'screenshots@mozilla.org': Reading manifest: Invalid host permission: resource://pdf.js/
1547608740550	addons.webextension.screenshots@mozilla.org	WARN	Loading extension 'screenshots@mozilla.org': Reading manifest: Invalid host permission: about:reader*
1547608740638	Marionette	DEBUG	Received observer notification profile-after-change
1547608740672	Marionette	DEBUG	Received observer notification toplevel-window-ready
1547608740692	Marionette	DEBUG	Received observer notification command-line-startup
1547608740692	Marionette	DEBUG	Received observer notification nsPref:changed
1547608740692	Marionette	DEBUG	Init aborted (running=false, enabled=true, finalUIStartup=false)
1547608740782	Marionette	DEBUG	Received observer notification toplevel-window-ready
1547608741301	Marionette	DEBUG	Received observer notification sessionstore-windows-restored
1547608741301	Marionette	DEBUG	Waiting for delayed startup...
1547608741358	Marionette	DEBUG	Setting recommended pref app.update.disabledForTesting to true
1547608741358	Marionette	DEBUG	Setting recommended pref security.turn_off_all_security_so_that_viruses_can_take_over_this_computer to true
1547608741358	Marionette	DEBUG	Setting recommended pref browser.contentblocking.introCount to 99
1547608741358	Marionette	DEBUG	Setting recommended pref browser.newtabpage.enabled to false
1547608741359	Marionette	DEBUG	Setting recommended pref datareporting.policy.dataSubmissionPolicyAccepted to false
1547608741359	Marionette	DEBUG	Setting recommended pref dom.disable_beforeunload to true
1547608741359	Marionette	DEBUG	Setting recommended pref toolkit.cosmeticAnimations.enabled to false
1547608741397	Marionette	INFO	Listening on port 50033
1547608741397	Marionette	DEBUG	Remote service is active
1547608741769	Marionette	DEBUG	Accepted connection 0 from 127.0.0.1:50043
1547608741773	Marionette	TRACE	0 -> [0,1,"newSession",{"acceptInsecureCerts":true,"browserName":"firefox","capabilities":{"desiredCapabilities":{"acceptInsecureCerts":true,"browserName":"firefox"}}}]
1547608741774	Marionette	TRACE	0 <- [1,1,{"error":"unknown command","message":"newSession","stacktrace":"WebDriverError@chrome://marionette/content/error.js:178: ... et@chrome://marionette/content/server.js:236:8\n_onJSONObjectReady/<@chrome://marionette/content/transport.js:490:9\n"},null]
[Child 1916, Chrome_ChildThread] WARNING: pipe error: 109: file z:/build/build/src/ipc/chromium/src/chrome/common/ipc_channel_win.cc, line 346
[Child 1916, Chrome_ChildThread] WARNING: pipe error: 109: file z:/build/build/src/ipc/chromium/src/chrome/common/ipc_channel_win.cc, line[Child 3384, Chrome_ChildT 346
hread] WARNING: pipe error: 109: file z:/build/build/src/ipc/chromium/src/chrome/common/ipc_channel_win.cc, line 346
[Child 3384, Chrome_ChildThread] WARNING: pipe error: 109: file z:/build/build/src/ipc/chromium/src/chrome/common/ipc_channel_win.cc, line 31547608746253	Marionette	DEBUG	Closed connection 0
[Child 6344, Chrome_ChildThread] WARNING: pipe error: 109: file z:/build/build/src/ipc/chromium/src/chrome/common/ipc_channel_win.cc, line 346
[Child 6344, Chrome_ChildThread] WARNING: pipe error: 109: fil1547608746326	Marionette	DEBUG	Received observer notification xpcom-will-shutdown
1547608746326	Marionette	DEBUG	Resetting recommended pref app.update.disabledForTesting
1547608746326	Marionette	DEBUG	Resetting recommended pref security.turn_off_all_security_so_that_viruses_can_take_over_this_computer
1547608746326	Marionette	DEBUG	Resetting recommended pref browser.contentblocking.introCount
1547608746326	Marionette	DEBUG	Resetting recommended pref browser.newtabpage.enabled
1547608746327	Marionette	DEBUG	Resetting recommended pref datareporting.policy.dataSubmissionPolicyAccepted
1547608746327	Marionette	DEBUG	Resetting recommended pref dom.disable_beforeunload
1547608746327	Marionette	DEBUG	Resetting recommended pref toolkit.cosmeticAnimations.enabled
1547608746327	Marionette	INFO	Stopped listening on port 50033
1547608746327	Marionette	DEBUG	Remote service is inactive
[GPU
###!!! [Child][RunMessage] Error: Channel closing: too late to send/recv, messages will be lost

 28